#
# There is insufficient memory for the Java Runtime Environment to continue.
# Native memory allocation (malloc) failed to allocate 960496 bytes for Chunk::new
# Possible reasons:
#   The system is out of physical RAM or swap space
#   The process is running with CompressedOops enabled, and the Java Heap may be blocking the growth of the native heap
# Possible solutions:
#   Reduce memory load on the system
#   Increase physical memory or swap space
#   Check if swap backing store is full
#   Decrease Java heap size (-Xmx/-Xms)
#   Decrease number of Java threads
#   Decrease Java thread stack sizes (-Xss)
#   Set larger code cache with -XX:ReservedCodeCacheSize=
#   JVM is running with Unscaled Compressed Oops mode in which the Java heap is
#     placed in the first 4GB address space. The Java Heap base address is the
#     maximum limit for the native heap growth. Please use -XX:HeapBaseMinAddress
#     to set the Java Heap base and to place the Java Heap above 4GB virtual address.
# This output file may be truncated or incomplete.
#
#  Out of Memory Error (allocation.cpp:389), pid=8324, tid=0x00000000000015b0
#
# JRE version: OpenJDK Runtime Environment (8.0_242-b01) (build 1.8.0_242-release-1644-b01)
# Java VM: OpenJDK 64-Bit Server VM (25.242-b01 mixed mode windows-amd64 compressed oops)
# Failed to write core dump. Minidumps are not enabled by default on client versions of Windows
#

---------------  T H R E A D  ---------------

Current thread (0x000000001728c000):  JavaThread "C2 CompilerThread1" daemon [_thread_in_native, id=5552, stack(0x00000000189d0000,0x0000000018ad0000)]

Stack: [0x00000000189d0000,0x0000000018ad0000]
[error occurred during error reporting (printing stack bounds), id 0xc0000005]

Native frames: (J=compiled Java code, j=interpreted, Vv=VM code, C=native code)


Current CompileTask:
C2:  46693 5821   !   4       com.sun.beans.TypeResolver::resolve (274 bytes)


---------------  P R O C E S S  ---------------

Java Threads: ( => current thread )
  0x000000001d3a1800 JavaThread "jar transforms Thread 118" [_thread_blocked, id=14856, stack(0x0000000029ce0000,0x0000000029de0000)]
  0x000000001d39a000 JavaThread "jar transforms Thread 117" [_thread_blocked, id=6180, stack(0x0000000029be0000,0x0000000029ce0000)]
  0x000000001925b800 JavaThread "jar transforms Thread 116" [_thread_blocked, id=18368, stack(0x0000000029ae0000,0x0000000029be0000)]
  0x000000001925b000 JavaThread "jar transforms Thread 115" [_thread_blocked, id=13384, stack(0x00000000299e0000,0x0000000029ae0000)]
  0x000000001925a000 JavaThread "jar transforms Thread 114" [_thread_blocked, id=8240, stack(0x00000000298e0000,0x00000000299e0000)]
  0x0000000019259800 JavaThread "jar transforms Thread 113" [_thread_blocked, id=18700, stack(0x00000000297e0000,0x00000000298e0000)]
  0x000000001925d000 JavaThread "jar transforms Thread 112" [_thread_blocked, id=24732, stack(0x00000000296e0000,0x00000000297e0000)]
  0x000000001925c800 JavaThread "jar transforms Thread 111" [_thread_blocked, id=15352, stack(0x00000000295e0000,0x00000000296e0000)]
  0x0000000019252000 JavaThread "jar transforms Thread 110" [_thread_blocked, id=18088, stack(0x00000000294e0000,0x00000000295e0000)]
  0x0000000019258800 JavaThread "jar transforms Thread 109" [_thread_blocked, id=15208, stack(0x00000000293e0000,0x00000000294e0000)]
  0x0000000019257000 JavaThread "jar transforms Thread 108" [_thread_blocked, id=24624, stack(0x00000000292e0000,0x00000000293e0000)]
  0x0000000019256800 JavaThread "jar transforms Thread 107" [_thread_blocked, id=16988, stack(0x00000000291e0000,0x00000000292e0000)]
  0x0000000019251000 JavaThread "jar transforms Thread 106" [_thread_blocked, id=18268, stack(0x00000000290e0000,0x00000000291e0000)]
  0x0000000019252800 JavaThread "jar transforms Thread 105" [_thread_blocked, id=24020, stack(0x0000000028fe0000,0x00000000290e0000)]
  0x0000000019258000 JavaThread "jar transforms Thread 104" [_thread_blocked, id=12600, stack(0x0000000028ee0000,0x0000000028fe0000)]
  0x0000000019255800 JavaThread "jar transforms Thread 103" [_thread_blocked, id=25760, stack(0x0000000028de0000,0x0000000028ee0000)]
  0x0000000019250800 JavaThread "jar transforms Thread 102" [_thread_blocked, id=18984, stack(0x0000000028ce0000,0x0000000028de0000)]
  0x0000000019254000 JavaThread "jar transforms Thread 101" [_thread_blocked, id=15556, stack(0x0000000028be0000,0x0000000028ce0000)]
  0x000000001924e000 JavaThread "jar transforms Thread 100" [_thread_blocked, id=19400, stack(0x0000000028ae0000,0x0000000028be0000)]
  0x0000000019253800 JavaThread "jar transforms Thread 99" [_thread_blocked, id=12528, stack(0x00000000289e0000,0x0000000028ae0000)]
  0x000000001924f800 JavaThread "jar transforms Thread 98" [_thread_blocked, id=668, stack(0x00000000288e0000,0x00000000289e0000)]
  0x000000001924f000 JavaThread "jar transforms Thread 97" [_thread_blocked, id=4684, stack(0x00000000287e0000,0x00000000288e0000)]
  0x0000000019255000 JavaThread "jar transforms Thread 96" [_thread_blocked, id=27356, stack(0x00000000286e0000,0x00000000287e0000)]
  0x0000000019cd0000 JavaThread "jar transforms Thread 95" [_thread_blocked, id=16772, stack(0x00000000285e0000,0x00000000286e0000)]
  0x0000000019cce800 JavaThread "jar transforms Thread 94" [_thread_blocked, id=23524, stack(0x00000000284e0000,0x00000000285e0000)]
  0x0000000019ccd000 JavaThread "jar transforms Thread 93" [_thread_blocked, id=25640, stack(0x00000000283e0000,0x00000000284e0000)]
  0x0000000019ccc800 JavaThread "jar transforms Thread 92" [_thread_blocked, id=3480, stack(0x00000000282e0000,0x00000000283e0000)]
  0x0000000019cce000 JavaThread "jar transforms Thread 91" [_thread_blocked, id=16212, stack(0x00000000281e0000,0x00000000282e0000)]
  0x0000000019ccb800 JavaThread "jar transforms Thread 90" [_thread_blocked, id=12680, stack(0x00000000280e0000,0x00000000281e0000)]
  0x0000000019ccf800 JavaThread "jar transforms Thread 89" [_thread_blocked, id=25132, stack(0x0000000027fe0000,0x00000000280e0000)]
  0x0000000019ccb000 JavaThread "jar transforms Thread 88" [_thread_blocked, id=9968, stack(0x0000000027ee0000,0x0000000027fe0000)]
  0x0000000019cc3000 JavaThread "jar transforms Thread 87" [_thread_blocked, id=22280, stack(0x0000000027de0000,0x0000000027ee0000)]
  0x0000000019cca000 JavaThread "jar transforms Thread 86" [_thread_blocked, id=21144, stack(0x0000000027ce0000,0x0000000027de0000)]
  0x0000000019cc2800 JavaThread "jar transforms Thread 85" [_thread_blocked, id=11884, stack(0x0000000027be0000,0x0000000027ce0000)]
  0x0000000019cc9800 JavaThread "jar transforms Thread 84" [_thread_blocked, id=13444, stack(0x0000000027ae0000,0x0000000027be0000)]
  0x0000000019cc1800 JavaThread "jar transforms Thread 83" [_thread_blocked, id=12112, stack(0x00000000279e0000,0x0000000027ae0000)]
  0x0000000019cc5800 JavaThread "jar transforms Thread 82" [_thread_blocked, id=19708, stack(0x00000000278e0000,0x00000000279e0000)]
  0x0000000019cc6800 JavaThread "jar transforms Thread 81" [_thread_blocked, id=4628, stack(0x00000000277e0000,0x00000000278e0000)]
  0x0000000019cc5000 JavaThread "jar transforms Thread 80" [_thread_blocked, id=10304, stack(0x00000000276e0000,0x00000000277e0000)]
  0x0000000019cc8800 JavaThread "jar transforms Thread 79" [_thread_blocked, id=19104, stack(0x00000000275e0000,0x00000000276e0000)]
  0x0000000019cc4000 JavaThread "jar transforms Thread 78" [_thread_blocked, id=25304, stack(0x00000000274e0000,0x00000000275e0000)]
  0x0000000019cc7000 JavaThread "jar transforms Thread 77" [_thread_blocked, id=972, stack(0x00000000273e0000,0x00000000274e0000)]
  0x0000000019cc1000 JavaThread "jar transforms Thread 76" [_thread_blocked, id=16088, stack(0x00000000272e0000,0x00000000273e0000)]
  0x0000000019cc8000 JavaThread "jar transforms Thread 75" [_thread_blocked, id=25272, stack(0x00000000271e0000,0x00000000272e0000)]
  0x000000001aea1800 JavaThread "jar transforms Thread 74" [_thread_blocked, id=17480, stack(0x00000000270e0000,0x00000000271e0000)]
  0x000000001aea1000 JavaThread "jar transforms Thread 73" [_thread_blocked, id=13572, stack(0x0000000026fe0000,0x00000000270e0000)]
  0x000000001aea7800 JavaThread "jar transforms Thread 72" [_thread_blocked, id=8780, stack(0x0000000026ee0000,0x0000000026fe0000)]
  0x000000001aea2800 JavaThread "jar transforms Thread 71" [_thread_blocked, id=4028, stack(0x0000000026de0000,0x0000000026ee0000)]
  0x000000001aea5800 JavaThread "jar transforms Thread 70" [_thread_blocked, id=14536, stack(0x0000000026ce0000,0x0000000026de0000)]
  0x000000001aea4800 JavaThread "jar transforms Thread 69" [_thread_blocked, id=5544, stack(0x0000000026be0000,0x0000000026ce0000)]
  0x000000001aea4000 JavaThread "jar transforms Thread 68" [_thread_blocked, id=23036, stack(0x0000000026ae0000,0x0000000026be0000)]
  0x000000001aea6000 JavaThread "jar transforms Thread 67" [_thread_blocked, id=13740, stack(0x00000000269e0000,0x0000000026ae0000)]
  0x000000001aea7000 JavaThread "jar transforms Thread 66" [_thread_blocked, id=13872, stack(0x00000000268e0000,0x00000000269e0000)]
  0x000000001aea3000 JavaThread "jar transforms Thread 65" [_thread_blocked, id=6368, stack(0x00000000267e0000,0x00000000268e0000)]
  0x000000001ae99800 JavaThread "jar transforms Thread 64" [_thread_blocked, id=1752, stack(0x00000000266e0000,0x00000000267e0000)]
  0x000000001ae9f800 JavaThread "jar transforms Thread 63" [_thread_blocked, id=20012, stack(0x00000000265e0000,0x00000000266e0000)]
  0x000000001ae9e800 JavaThread "jar transforms Thread 62" [_thread_blocked, id=12952, stack(0x00000000264e0000,0x00000000265e0000)]
  0x000000001ae9e000 JavaThread "jar transforms Thread 61" [_thread_blocked, id=22796, stack(0x00000000263e0000,0x00000000264e0000)]
  0x000000001ae9b800 JavaThread "jar transforms Thread 60" [_thread_blocked, id=5480, stack(0x00000000262e0000,0x00000000263e0000)]
  0x000000001ae9d000 JavaThread "jar transforms Thread 59" [_thread_blocked, id=6452, stack(0x00000000261e0000,0x00000000262e0000)]
  0x000000001ae9b000 JavaThread "jar transforms Thread 58" [_thread_blocked, id=24896, stack(0x00000000260e0000,0x00000000261e0000)]
  0x000000001aea0000 JavaThread "jar transforms Thread 57" [_thread_blocked, id=16028, stack(0x0000000025fe0000,0x00000000260e0000)]
  0x000000001ae9a000 JavaThread "jar transforms Thread 56" [_thread_blocked, id=1972, stack(0x0000000025ee0000,0x0000000025fe0000)]
  0x000000001ae9c800 JavaThread "jar transforms Thread 55" [_thread_blocked, id=15028, stack(0x0000000025de0000,0x0000000025ee0000)]
  0x000000001ae98800 JavaThread "jar transforms Thread 54" [_thread_blocked, id=22720, stack(0x0000000025ce0000,0x0000000025de0000)]
  0x000000001b0ce000 JavaThread "jar transforms Thread 53" [_thread_blocked, id=10672, stack(0x0000000025be0000,0x0000000025ce0000)]
  0x000000001b0d3800 JavaThread "jar transforms Thread 52" [_thread_blocked, id=14100, stack(0x0000000025ae0000,0x0000000025be0000)]
  0x000000001b0d2800 JavaThread "jar transforms Thread 51" [_thread_blocked, id=5620, stack(0x00000000259e0000,0x0000000025ae0000)]
  0x000000001b0d5000 JavaThread "jar transforms Thread 50" [_thread_blocked, id=24280, stack(0x00000000258e0000,0x00000000259e0000)]
  0x000000001b0d2000 JavaThread "jar transforms Thread 49" [_thread_blocked, id=15588, stack(0x00000000257e0000,0x00000000258e0000)]
  0x000000001b0cf800 JavaThread "jar transforms Thread 48" [_thread_blocked, id=20536, stack(0x00000000256e0000,0x00000000257e0000)]
  0x000000001b0d0800 JavaThread "jar transforms Thread 47" [_thread_blocked, id=9512, stack(0x00000000255e0000,0x00000000256e0000)]
  0x000000001b0d1000 JavaThread "jar transforms Thread 46" [_thread_blocked, id=22596, stack(0x00000000254e0000,0x00000000255e0000)]
  0x000000001b0cf000 JavaThread "jar transforms Thread 45" [_thread_blocked, id=14012, stack(0x00000000253e0000,0x00000000254e0000)]
  0x000000001b0d4000 JavaThread "jar transforms Thread 44" [_thread_blocked, id=17540, stack(0x00000000252e0000,0x00000000253e0000)]
  0x000000001b0c6800 JavaThread "jar transforms Thread 43" [_thread_blocked, id=17108, stack(0x00000000251e0000,0x00000000252e0000)]
  0x000000001b0cd800 JavaThread "jar transforms Thread 42" [_thread_blocked, id=11192, stack(0x00000000250e0000,0x00000000251e0000)]
  0x000000001b0c6000 JavaThread "jar transforms Thread 41" [_thread_blocked, id=8028, stack(0x0000000024fe0000,0x00000000250e0000)]
  0x000000001b0c9000 JavaThread "jar transforms Thread 40" [_thread_blocked, id=3256, stack(0x0000000024ee0000,0x0000000024fe0000)]
  0x000000001b0cc000 JavaThread "jar transforms Thread 39" [_thread_blocked, id=2908, stack(0x0000000024de0000,0x0000000024ee0000)]
  0x000000001b0c8000 JavaThread "jar transforms Thread 38" [_thread_blocked, id=8012, stack(0x0000000024ce0000,0x0000000024de0000)]
  0x000000001b0cc800 JavaThread "jar transforms Thread 37" [_thread_blocked, id=17488, stack(0x0000000024be0000,0x0000000024ce0000)]
  0x000000001b0c7800 JavaThread "jar transforms Thread 36" [_thread_blocked, id=19932, stack(0x0000000024ae0000,0x0000000024be0000)]
  0x000000001b0cb000 JavaThread "jar transforms Thread 35" [_thread_blocked, id=20340, stack(0x00000000249e0000,0x0000000024ae0000)]
  0x000000001b0ca800 JavaThread "jar transforms Thread 34" [_thread_blocked, id=19948, stack(0x00000000248e0000,0x00000000249e0000)]
  0x000000001b0c9800 JavaThread "jar transforms Thread 33" [_thread_blocked, id=6116, stack(0x00000000247e0000,0x00000000248e0000)]
  0x000000001b047800 JavaThread "jar transforms Thread 32" [_thread_blocked, id=27088, stack(0x00000000246e0000,0x00000000247e0000)]
  0x000000001b046000 JavaThread "jar transforms Thread 31" [_thread_blocked, id=16508, stack(0x00000000245e0000,0x00000000246e0000)]
  0x000000001b044800 JavaThread "jar transforms Thread 30" [_thread_blocked, id=11776, stack(0x00000000244e0000,0x00000000245e0000)]
  0x000000001b047000 JavaThread "jar transforms Thread 29" [_thread_blocked, id=9556, stack(0x00000000243e0000,0x00000000244e0000)]
  0x000000001b044000 JavaThread "jar transforms Thread 28" [_thread_blocked, id=21128, stack(0x00000000242e0000,0x00000000243e0000)]
  0x000000001b043000 JavaThread "jar transforms Thread 27" [_thread_blocked, id=13832, stack(0x00000000241e0000,0x00000000242e0000)]
  0x000000001b042800 JavaThread "jar transforms Thread 26" [_thread_blocked, id=4540, stack(0x00000000240e0000,0x00000000241e0000)]
  0x000000001b03b000 JavaThread "Build operations Thread 4" [_thread_blocked, id=26428, stack(0x0000000023fe0000,0x00000000240e0000)]
  0x000000001b041800 JavaThread "Build operations Thread 3" [_thread_blocked, id=4380, stack(0x0000000023ee0000,0x0000000023fe0000)]
  0x000000001b03a000 JavaThread "Build operations Thread 2" [_thread_blocked, id=24044, stack(0x0000000023de0000,0x0000000023ee0000)]
  0x000000001b041000 JavaThread "Build operations" [_thread_blocked, id=2088, stack(0x0000000022ac0000,0x0000000022bc0000)]
  0x000000001b03b800 JavaThread "Cache worker for Build Output Cleanup Cache (C:\Users\Atoms\AndroidStudioProjects\FiatFix\.gradle\buildOutputCleanup)" [_thread_blocked, id=8140, stack(0x0000000021fa0000,0x00000000220a0000)]
  0x000000001b03e800 JavaThread "Cache worker for file content cache (C:\Users\Atoms\.gradle\caches\6.5\fileContent)" [_thread_blocked, id=3572, stack(0x0000000021ea0000,0x0000000021fa0000)]
  0x000000001b03d000 JavaThread "Cache worker for execution history cache (C:\Users\Atoms\.gradle\caches\6.5\executionHistory)" [_thread_blocked, id=21668, stack(0x0000000020980000,0x0000000020a80000)]
  0x000000001b03e000 JavaThread "Cache worker for cache directory md-rule (C:\Users\Atoms\.gradle\caches\6.5\md-rule)" [_thread_blocked, id=13828, stack(0x0000000020680000,0x0000000020780000)]
  0x0000000019bc6800 JavaThread "Cache worker for cache directory md-supplier (C:\Users\Atoms\.gradle\caches\6.5\md-supplier)" [_thread_blocked, id=5500, stack(0x0000000020580000,0x0000000020680000)]
  0x0000000019bc5000 JavaThread "Cache worker for checksums cache (C:\Users\Atoms\AndroidStudioProjects\FiatFix\.gradle\checksums)" [_thread_blocked, id=27292, stack(0x0000000020480000,0x0000000020580000)]
  0x0000000019bc9000 JavaThread "jar transforms Thread 25" [_thread_blocked, id=18100, stack(0x0000000020180000,0x0000000020280000)]
  0x0000000019bcc000 JavaThread "jar transforms Thread 24" [_thread_blocked, id=21304, stack(0x0000000020080000,0x0000000020180000)]
  0x0000000019bca800 JavaThread "jar transforms Thread 23" [_thread_blocked, id=22892, stack(0x000000001ff80000,0x0000000020080000)]
  0x0000000019bcb000 JavaThread "jar transforms Thread 22" [_thread_blocked, id=18052, stack(0x000000001fe80000,0x000000001ff80000)]
  0x0000000019bc6000 JavaThread "jar transforms Thread 21" [_thread_blocked, id=8068, stack(0x000000001fd80000,0x000000001fe80000)]
  0x0000000019bc9800 JavaThread "jar transforms Thread 20" [_thread_blocked, id=1644, stack(0x000000001fc80000,0x000000001fd80000)]
  0x0000000019bc8000 JavaThread "jar transforms Thread 19" [_thread_blocked, id=13496, stack(0x000000001fb80000,0x000000001fc80000)]
  0x0000000019bc7800 JavaThread "jar transforms Thread 18" [_thread_blocked, id=6220, stack(0x000000001fa80000,0x000000001fb80000)]
  0x0000000019bbd800 JavaThread "jar transforms Thread 17" [_thread_blocked, id=16724, stack(0x000000001f980000,0x000000001fa80000)]
  0x0000000019bc4000 JavaThread "jar transforms Thread 16" [_thread_blocked, id=17212, stack(0x000000001f880000,0x000000001f980000)]
  0x0000000019bbc800 JavaThread "jar transforms Thread 15" [_thread_blocked, id=18120, stack(0x000000001f780000,0x000000001f880000)]
  0x0000000019bbf000 JavaThread "jar transforms Thread 14" [_thread_blocked, id=2064, stack(0x000000001f680000,0x000000001f780000)]
  0x0000000019bc2000 JavaThread "jar transforms Thread 13" [_thread_blocked, id=1100, stack(0x000000001f580000,0x000000001f680000)]
  0x0000000019bc0800 JavaThread "jar transforms Thread 12" [_thread_blocked, id=4148, stack(0x000000001f480000,0x000000001f580000)]
  0x0000000019bc3800 JavaThread "jar transforms Thread 11" [_thread_blocked, id=26992, stack(0x000000001f380000,0x000000001f480000)]
  0x0000000019bc2800 JavaThread "jar transforms Thread 10" [_thread_blocked, id=20280, stack(0x000000001f280000,0x000000001f380000)]
  0x0000000019bc1000 JavaThread "jar transforms Thread 9" [_thread_blocked, id=25604, stack(0x000000001f180000,0x000000001f280000)]
  0x0000000019bbe000 JavaThread "jar transforms Thread 8" [_thread_blocked, id=18692, stack(0x000000001f080000,0x000000001f180000)]
  0x0000000019bbf800 JavaThread "jar transforms Thread 7" [_thread_blocked, id=21328, stack(0x000000001ef80000,0x000000001f080000)]
  0x0000000019c9f000 JavaThread "jar transforms Thread 6" [_thread_blocked, id=25572, stack(0x000000001ee80000,0x000000001ef80000)]
  0x0000000019c9e000 JavaThread "jar transforms Thread 5" [_thread_blocked, id=24588, stack(0x000000001ed80000,0x000000001ee80000)]
  0x0000000019c9c000 JavaThread "jar transforms Thread 4" [_thread_blocked, id=19512, stack(0x000000001ec80000,0x000000001ed80000)]
  0x0000000019c99800 JavaThread "jar transforms Thread 3" [_thread_blocked, id=17400, stack(0x000000001eb80000,0x000000001ec80000)]
  0x0000000019c9d800 JavaThread "jar transforms Thread 2" [_thread_blocked, id=6536, stack(0x000000001ea80000,0x000000001eb80000)]
  0x0000000019ca0800 JavaThread "jar transforms" [_thread_blocked, id=22208, stack(0x000000001e980000,0x000000001ea80000)]
  0x0000000019c9f800 JavaThread "Cache worker for file hash cache (C:\Users\Atoms\AndroidStudioProjects\FiatFix\.gradle\6.5\fileHashes)" [_thread_blocked, id=9996, stack(0x000000001e880000,0x000000001e980000)]
  0x0000000019c9c800 JavaThread "Cache worker for file hash cache (C:\Users\Atoms\.gradle\caches\6.5\fileHashes)" [_thread_blocked, id=24056, stack(0x000000001e580000,0x000000001e680000)]
  0x0000000019c9b000 JavaThread "File lock request listener" [_thread_in_native, id=17592, stack(0x000000001d0f0000,0x000000001d1f0000)]
  0x0000000019c9a800 JavaThread "Cache worker for journal cache (C:\Users\Atoms\.gradle\caches\journal-1)" [_thread_blocked, id=25224, stack(0x000000001cff0000,0x000000001d0f0000)]
  0x0000000019420000 JavaThread "Thread-9" [_thread_blocked, id=25548, stack(0x000000001ccf0000,0x000000001cdf0000)]
  0x0000000018d34800 JavaThread "Stdin handler" [_thread_blocked, id=17608, stack(0x000000001cbf0000,0x000000001ccf0000)]
  0x0000000018d33800 JavaThread "Asynchronous log dispatcher for DefaultDaemonConnection: socket connection from /127.0.0.1:49997 to /127.0.0.1:49998" [_thread_blocked, id=3056, stack(0x000000001caf0000,0x000000001cbf0000)]
  0x000000001a24e000 JavaThread "Daemon worker" [_thread_in_vm, id=27060, stack(0x000000001c9f0000,0x000000001caf0000)]
  0x0000000018d2f000 JavaThread "Cancel handler" [_thread_blocked, id=10924, stack(0x000000001c8f0000,0x000000001c9f0000)]
  0x000000001a347800 JavaThread "Handler for socket connection from /127.0.0.1:49997 to /127.0.0.1:49998" [_thread_in_native, id=21944, stack(0x000000001c7f0000,0x000000001c8f0000)]
  0x0000000019cde800 JavaThread "Daemon" [_thread_blocked, id=14724, stack(0x000000001c6f0000,0x000000001c7f0000)]
  0x000000001ac62800 JavaThread "Daemon periodic checks" [_thread_blocked, id=17228, stack(0x000000001c3f0000,0x000000001c4f0000)]
  0x0000000018cdc000 JavaThread "Incoming local TCP Connector on port 49997" [_thread_in_native, id=14220, stack(0x000000001c1b0000,0x000000001c2b0000)]
  0x0000000018f7f800 JavaThread "Daemon health stats" [_thread_blocked, id=4836, stack(0x000000001bb70000,0x000000001bc70000)]
  0x00000000172dd000 JavaThread "Service Thread" daemon [_thread_blocked, id=4636, stack(0x0000000018fd0000,0x00000000190d0000)]
  0x0000000017293800 JavaThread "C1 CompilerThread2" daemon [_thread_blocked, id=10088, stack(0x0000000018ad0000,0x0000000018bd0000)]
=>0x000000001728c000 JavaThread "C2 CompilerThread1" daemon [_thread_in_native, id=5552, stack(0x00000000189d0000,0x0000000018ad0000)]
  0x0000000017285000 JavaThread "C2 CompilerThread0" daemon [_thread_in_native, id=6520, stack(0x00000000188d0000,0x00000000189d0000)]
  0x0000000017284000 JavaThread "Attach Listener" daemon [_thread_blocked, id=16900, stack(0x00000000187d0000,0x00000000188d0000)]
  0x0000000017286800 JavaThread "Signal Dispatcher" daemon [_thread_blocked, id=19556, stack(0x00000000186d0000,0x00000000187d0000)]
  0x000000000265c000 JavaThread "Finalizer" daemon [_thread_blocked, id=5584, stack(0x00000000184d0000,0x00000000185d0000)]
  0x0000000017269000 JavaThread "Reference Handler" daemon [_thread_blocked, id=21332, stack(0x00000000183d0000,0x00000000184d0000)]
  0x000000000254d800 JavaThread "main" [_thread_blocked, id=18688, stack(0x0000000002420000,0x0000000002520000)]

Other Threads:
  0x0000000017246000 VMThread [stack: 0x00000000182d0000,0x00000000183d0000] [id=6512]
  0x00000000172de000 WatcherThread [stack: 0x00000000190d0000,0x00000000191d0000] [id=19336]

VM state:not at safepoint (normal execution)

VM Mutex/Monitor currently owned by a thread: None

heap address: 0x0000000080000000, size: 2048 MB, Compressed Oops mode: 32-bit
Narrow klass base: 0x0000000000000000, Narrow klass shift: 3
Compressed class space size: 1073741824 Address: 0x0000000100000000

Heap:
 PSYoungGen      total 113664K, used 45948K [0x00000000d5580000, 0x00000000dea00000, 0x0000000100000000)
  eden space 94208K, 48% used [0x00000000d5580000,0x00000000d825f010,0x00000000db180000)
  from space 19456K, 0% used [0x00000000dc680000,0x00000000dc680000,0x00000000dd980000)
  to   space 21504K, 0% used [0x00000000db180000,0x00000000db180000,0x00000000dc680000)
 ParOldGen       total 102400K, used 30174K [0x0000000080000000, 0x0000000086400000, 0x00000000d5580000)
  object space 102400K, 29% used [0x0000000080000000,0x0000000081d77ae0,0x0000000086400000)
 Metaspace       used 58163K, capacity 60514K, committed 60888K, reserved 1101824K
  class space    used 7597K, capacity 8101K, committed 8192K, reserved 1048576K

Card table byte_map: [0x0000000011a20000,0x0000000011e30000] byte_map_base: 0x0000000011620000

Marking Bits: (ParMarkBitMap*) 0x000000005484f030
 Begin Bits: [0x00000000124e0000, 0x00000000144e0000)
 End Bits:   [0x00000000144e0000, 0x00000000164e0000)

Polling page: 0x0000000000820000

CodeCache: size=245760Kb used=18308Kb max_used=18308Kb free=227451Kb
 bounds [0x0000000002660000, 0x0000000003860000, 0x0000000011660000]
 total_blobs=6030 nmethods=5236 adapters=705
 compilation: enabled

Compilation events (10 events):
Event: 46.627 Thread 0x0000000017293800 5882       1       org.gradle.model.internal.asm.AsmClassGenerator::getGeneratedType (5 bytes)
Event: 46.627 Thread 0x0000000017293800 nmethod 5882 0x000000000384dfd0 code [0x000000000384e120, 0x000000000384e230]
Event: 46.627 Thread 0x0000000017293800 5883       3       com.google.common.cache.LocalCache::createSegment (13 bytes)
Event: 46.627 Thread 0x0000000017293800 nmethod 5883 0x000000000384e290 code [0x000000000384e400, 0x000000000384e608]
Event: 46.627 Thread 0x0000000017293800 5884       3       com.google.common.cache.LocalCache$Segment::<init> (163 bytes)
Event: 46.631 Thread 0x0000000017293800 nmethod 5884 0x000000000384e6d0 code [0x000000000384ea80, 0x0000000003850c28]
Event: 46.631 Thread 0x0000000017293800 5885       3       com.google.common.collect.ImmutableMap$Builder::put (53 bytes)
Event: 46.632 Thread 0x0000000017293800 nmethod 5885 0x0000000003851fd0 code [0x0000000003852160, 0x00000000038525f8]
Event: 46.632 Thread 0x0000000017293800 5886       1       org.gradle.internal.instantiation.generator.ParamsMatchingConstructorSelector::vetoParameters (1 bytes)
Event: 46.632 Thread 0x0000000017293800 nmethod 5886 0x00000000038527d0 code [0x0000000003852920, 0x0000000003852a30]

GC Heap History (10 events):
Event: 36.690 GC heap before
{Heap before GC invocations=15 (full 2):
 PSYoungGen      total 73216K, used 70476K [0x00000000d5580000, 0x00000000dac00000, 0x0000000100000000)
  eden space 61952K, 100% used [0x00000000d5580000,0x00000000d9200000,0x00000000d9200000)
  from space 11264K, 75% used [0x00000000d9d80000,0x00000000da5d3320,0x00000000da880000)
  to   space 11776K, 0% used [0x00000000d9200000,0x00000000d9200000,0x00000000d9d80000)
 ParOldGen       total 102400K, used 15493K [0x0000000080000000, 0x0000000086400000, 0x00000000d5580000)
  object space 102400K, 15% used [0x0000000080000000,0x0000000080f21798,0x0000000086400000)
 Metaspace       used 42176K, capacity 44044K, committed 44288K, reserved 1087488K
  class space    used 5641K, capacity 6035K, committed 6144K, reserved 1048576K
Event: 36.704 GC heap after
Heap after GC invocations=15 (full 2):
 PSYoungGen      total 73728K, used 10296K [0x00000000d5580000, 0x00000000dbb00000, 0x0000000100000000)
  eden space 61952K, 0% used [0x00000000d5580000,0x00000000d5580000,0x00000000d9200000)
  from space 11776K, 87% used [0x00000000d9200000,0x00000000d9c0e2e8,0x00000000d9d80000)
  to   space 12800K, 0% used [0x00000000dae80000,0x00000000dae80000,0x00000000dbb00000)
 ParOldGen       total 102400K, used 15501K [0x0000000080000000, 0x0000000086400000, 0x00000000d5580000)
  object space 102400K, 15% used [0x0000000080000000,0x0000000080f23798,0x0000000086400000)
 Metaspace       used 42176K, capacity 44044K, committed 44288K, reserved 1087488K
  class space    used 5641K, capacity 6035K, committed 6144K, reserved 1048576K
}
Event: 41.660 GC heap before
{Heap before GC invocations=16 (full 2):
 PSYoungGen      total 73728K, used 72248K [0x00000000d5580000, 0x00000000dbb00000, 0x0000000100000000)
  eden space 61952K, 100% used [0x00000000d5580000,0x00000000d9200000,0x00000000d9200000)
  from space 11776K, 87% used [0x00000000d9200000,0x00000000d9c0e2e8,0x00000000d9d80000)
  to   space 12800K, 0% used [0x00000000dae80000,0x00000000dae80000,0x00000000dbb00000)
 ParOldGen       total 102400K, used 15501K [0x0000000080000000, 0x0000000086400000, 0x00000000d5580000)
  object space 102400K, 15% used [0x0000000080000000,0x0000000080f23798,0x0000000086400000)
 Metaspace       used 48464K, capacity 50556K, committed 50944K, reserved 1093632K
  class space    used 6421K, capacity 6868K, committed 6912K, reserved 1048576K
Event: 41.682 GC heap after
Heap after GC invocations=16 (full 2):
 PSYoungGen      total 88576K, used 12777K [0x00000000d5580000, 0x00000000dbf00000, 0x0000000100000000)
  eden space 75776K, 0% used [0x00000000d5580000,0x00000000d5580000,0x00000000d9f80000)
  from space 12800K, 99% used [0x00000000dae80000,0x00000000dbafa5d0,0x00000000dbb00000)
  to   space 15360K, 0% used [0x00000000d9f80000,0x00000000d9f80000,0x00000000dae80000)
 ParOldGen       total 102400K, used 18808K [0x0000000080000000, 0x0000000086400000, 0x00000000d5580000)
  object space 102400K, 18% used [0x0000000080000000,0x000000008125e3f0,0x0000000086400000)
 Metaspace       used 48464K, capacity 50556K, committed 50944K, reserved 1093632K
  class space    used 6421K, capacity 6868K, committed 6912K, reserved 1048576K
}
Event: 44.897 GC heap before
{Heap before GC invocations=17 (full 2):
 PSYoungGen      total 88576K, used 88553K [0x00000000d5580000, 0x00000000dbf00000, 0x0000000100000000)
  eden space 75776K, 100% used [0x00000000d5580000,0x00000000d9f80000,0x00000000d9f80000)
  from space 12800K, 99% used [0x00000000dae80000,0x00000000dbafa5d0,0x00000000dbb00000)
  to   space 15360K, 0% used [0x00000000d9f80000,0x00000000d9f80000,0x00000000dae80000)
 ParOldGen       total 102400K, used 18808K [0x0000000080000000, 0x0000000086400000, 0x00000000d5580000)
  object space 102400K, 18% used [0x0000000080000000,0x000000008125e3f0,0x0000000086400000)
 Metaspace       used 55831K, capacity 58096K, committed 58368K, reserved 1099776K
  class space    used 7313K, capacity 7830K, committed 7936K, reserved 1048576K
Event: 44.931 GC heap after
Heap after GC invocations=17 (full 2):
 PSYoungGen      total 91136K, used 15336K [0x00000000d5580000, 0x00000000dd980000, 0x0000000100000000)
  eden space 75776K, 0% used [0x00000000d5580000,0x00000000d5580000,0x00000000d9f80000)
  from space 15360K, 99% used [0x00000000d9f80000,0x00000000dae7a3d0,0x00000000dae80000)
  to   space 19456K, 0% used [0x00000000dc680000,0x00000000dc680000,0x00000000dd980000)
 ParOldGen       total 102400K, used 24149K [0x0000000080000000, 0x0000000086400000, 0x00000000d5580000)
  object space 102400K, 23% used [0x0000000080000000,0x00000000817956e0,0x0000000086400000)
 Metaspace       used 55831K, capacity 58096K, committed 58368K, reserved 1099776K
  class space    used 7313K, capacity 7830K, committed 7936K, reserved 1048576K
}
Event: 45.259 GC heap before
{Heap before GC invocations=18 (full 2):
 PSYoungGen      total 91136K, used 25257K [0x00000000d5580000, 0x00000000dd980000, 0x0000000100000000)
  eden space 75776K, 13% used [0x00000000d5580000,0x00000000d5f30328,0x00000000d9f80000)
  from space 15360K, 99% used [0x00000000d9f80000,0x00000000dae7a3d0,0x00000000dae80000)
  to   space 19456K, 0% used [0x00000000dc680000,0x00000000dc680000,0x00000000dd980000)
 ParOldGen       total 102400K, used 24149K [0x0000000080000000, 0x0000000086400000, 0x00000000d5580000)
  object space 102400K, 23% used [0x0000000080000000,0x00000000817956e0,0x0000000086400000)
 Metaspace       used 56655K, capacity 58980K, committed 59096K, reserved 1099776K
  class space    used 7419K, capacity 7908K, committed 7936K, reserved 1048576K
Event: 45.285 GC heap after
Heap after GC invocations=18 (full 2):
 PSYoungGen      total 113664K, used 16671K [0x00000000d5580000, 0x00000000dea00000, 0x0000000100000000)
  eden space 94208K, 0% used [0x00000000d5580000,0x00000000d5580000,0x00000000db180000)
  from space 19456K, 85% used [0x00000000dc680000,0x00000000dd6c7e28,0x00000000dd980000)
  to   space 21504K, 0% used [0x00000000db180000,0x00000000db180000,0x00000000dc680000)
 ParOldGen       total 102400K, used 24149K [0x0000000080000000, 0x0000000086400000, 0x00000000d5580000)
  object space 102400K, 23% used [0x0000000080000000,0x00000000817956e0,0x0000000086400000)
 Metaspace       used 56655K, capacity 58980K, committed 59096K, reserved 1099776K
  class space    used 7419K, capacity 7908K, committed 7936K, reserved 1048576K
}
Event: 45.285 GC heap before
{Heap before GC invocations=19 (full 3):
 PSYoungGen      total 113664K, used 16671K [0x00000000d5580000, 0x00000000dea00000, 0x0000000100000000)
  eden space 94208K, 0% used [0x00000000d5580000,0x00000000d5580000,0x00000000db180000)
  from space 19456K, 85% used [0x00000000dc680000,0x00000000dd6c7e28,0x00000000dd980000)
  to   space 21504K, 0% used [0x00000000db180000,0x00000000db180000,0x00000000dc680000)
 ParOldGen       total 102400K, used 24149K [0x0000000080000000, 0x0000000086400000, 0x00000000d5580000)
  object space 102400K, 23% used [0x0000000080000000,0x00000000817956e0,0x0000000086400000)
 Metaspace       used 56655K, capacity 58980K, committed 59096K, reserved 1099776K
  class space    used 7419K, capacity 7908K, committed 7936K, reserved 1048576K
Event: 45.633 GC heap after
Heap after GC invocations=19 (full 3):
 PSYoungGen      total 113664K, used 0K [0x00000000d5580000, 0x00000000dea00000, 0x0000000100000000)
  eden space 94208K, 0% used [0x00000000d5580000,0x00000000d5580000,0x00000000db180000)
  from space 19456K, 0% used [0x00000000dc680000,0x00000000dc680000,0x00000000dd980000)
  to   space 21504K, 0% used [0x00000000db180000,0x00000000db180000,0x00000000dc680000)
 ParOldGen       total 102400K, used 30174K [0x0000000080000000, 0x0000000086400000, 0x00000000d5580000)
  object space 102400K, 29% used [0x0000000080000000,0x0000000081d77ae0,0x0000000086400000)
 Metaspace       used 56598K, capacity 58840K, committed 59096K, reserved 1099776K
  class space    used 7405K, capacity 7890K, committed 7936K, reserved 1048576K
}

Deoptimization events (10 events):
Event: 44.737 Thread 0x000000001a24e000 Uncommon trap: reason=unstable_if action=reinterpret pc=0x0000000003122738 method=org.gradle.internal.instantiation.generator.AbstractClassGenerator$InjectionAnnotationValidator.validateMethod(Ljava/lang/reflect/Method;Lorg/gradle/internal/reflect/Propert
Event: 45.020 Thread 0x000000001a24e000 Uncommon trap: reason=unstable_if action=reinterpret pc=0x000000000283fa64 method=java.lang.String.replace(CC)Ljava/lang/String; @ 2
Event: 45.026 Thread 0x000000001a24e000 Uncommon trap: reason=bimorphic action=maybe_recompile pc=0x00000000033b604c method=org.codehaus.groovy.runtime.metaclass.MetaMethodIndex.addMethodToList(Ljava/lang/Object;Lgroovy/lang/MetaMethod;)Ljava/lang/Object; @ 102
Event: 45.026 Thread 0x000000001a24e000 Uncommon trap: reason=unstable_if action=reinterpret pc=0x00000000035f7330 method=org.codehaus.groovy.runtime.metaclass.MetaMethodIndex.copyNonPrivateNonNewMetaMethods(Lorg/codehaus/groovy/runtime/metaclass/MetaMethodIndex$Entry;Lorg/codehaus/groovy/runti
Event: 45.026 Thread 0x000000001a24e000 Uncommon trap: reason=unstable_if action=reinterpret pc=0x00000000034016b4 method=groovy.lang.MetaClassImpl$1MOPIter.methodNameAction(Ljava/lang/Class;Lorg/codehaus/groovy/runtime/metaclass/MetaMethodIndex$Entry;)V @ 182
Event: 45.257 Thread 0x000000001a24e000 Uncommon trap: reason=unstable_if action=reinterpret pc=0x0000000002a39d24 method=java.lang.String.lastIndexOf([CII[CIII)I @ 17
Event: 45.661 Thread 0x000000001a24e000 Uncommon trap: reason=unstable_if action=reinterpret pc=0x0000000002c07524 method=java.util.concurrent.ConcurrentHashMap.putVal(Ljava/lang/Object;Ljava/lang/Object;Z)Ljava/lang/Object; @ 195
Event: 46.060 Thread 0x000000001a24e000 Uncommon trap: reason=class_check action=maybe_recompile pc=0x0000000002d72480 method=java.lang.Throwable.<init>(Ljava/lang/String;Ljava/lang/Throwable;)V @ 24
Event: 46.077 Thread 0x000000001a24e000 Uncommon trap: reason=null_check action=make_not_entrant pc=0x0000000002dd9b10 method=java.lang.Class.searchMethods([Ljava/lang/reflect/Method;Ljava/lang/String;[Ljava/lang/Class;)Ljava/lang/reflect/Method; @ 59
Event: 46.284 Thread 0x000000001a24e000 Uncommon trap: reason=unstable_if action=reinterpret pc=0x00000000037f3418 method=groovy.lang.MetaClassImpl.filterPropertyMethod(Ljava/lang/Object;ZZ)Ljava/lang/Object; @ 72

Classes redefined (0 events):
No events

Internal exceptions (10 events):
Event: 46.361 Thread 0x000000001a24e000 Exception <a 'java/lang/ClassNotFoundException': org/jetbrains/kotlin/gradle/dsl/KotlinJvmOptionsBaseCustomizer> (0x00000000d76ce250) thrown at [C:\src\AOSP-openjdk-git\hotspot\src\share\vm\classfile\systemDictionary.cpp, line 210]
Event: 46.363 Thread 0x000000001a24e000 Exception <a 'java/lang/ClassNotFoundException': org/jetbrains/kotlin/gradle/dsl/KotlinJvmOptionsImplCustomizer> (0x00000000d7710b38) thrown at [C:\src\AOSP-openjdk-git\hotspot\src\share\vm\classfile\systemDictionary.cpp, line 210]
Event: 46.374 Thread 0x000000001a24e000 Exception <a 'java/lang/ClassNotFoundException': org/gradle/api/plugins/internal/DefaultBasePluginConventionBeanInfo> (0x00000000d77c09b0) thrown at [C:\src\AOSP-openjdk-git\hotspot\src\share\vm\classfile\systemDictionary.cpp, line 210]
Event: 46.375 Thread 0x000000001a24e000 Exception <a 'java/lang/ClassNotFoundException': org/gradle/api/plugins/BasePluginConventionBeanInfo> (0x00000000d780cdd8) thrown at [C:\src\AOSP-openjdk-git\hotspot\src\share\vm\classfile\systemDictionary.cpp, line 210]
Event: 46.377 Thread 0x000000001a24e000 Exception <a 'java/lang/ClassNotFoundException': org/gradle/api/plugins/BasePluginConventionCustomizer> (0x00000000d785a778) thrown at [C:\src\AOSP-openjdk-git\hotspot\src\share\vm\classfile\systemDictionary.cpp, line 210]
Event: 46.379 Thread 0x000000001a24e000 Exception <a 'java/lang/ClassNotFoundException': org/gradle/api/plugins/internal/DefaultBasePluginConventionCustomizer> (0x00000000d78cbfc8) thrown at [C:\src\AOSP-openjdk-git\hotspot\src\share\vm\classfile\systemDictionary.cpp, line 210]
Event: 46.384 Thread 0x000000001a24e000 Exception <a 'java/lang/ClassNotFoundException': org/gradle/api/plugins/internal/DefaultJavaPluginConventionBeanInfo> (0x00000000d79803d0) thrown at [C:\src\AOSP-openjdk-git\hotspot\src\share\vm\classfile\systemDictionary.cpp, line 210]
Event: 46.386 Thread 0x000000001a24e000 Exception <a 'java/lang/ClassNotFoundException': org/gradle/api/plugins/JavaPluginConventionBeanInfo> (0x00000000d79cc750) thrown at [C:\src\AOSP-openjdk-git\hotspot\src\share\vm\classfile\systemDictionary.cpp, line 210]
Event: 46.387 Thread 0x000000001a24e000 Exception <a 'java/lang/ClassNotFoundException': org/gradle/api/plugins/JavaPluginConventionCustomizer> (0x00000000d7a1a0f0) thrown at [C:\src\AOSP-openjdk-git\hotspot\src\share\vm\classfile\systemDictionary.cpp, line 210]
Event: 46.390 Thread 0x000000001a24e000 Exception <a 'java/lang/ClassNotFoundException': org/gradle/api/plugins/internal/DefaultJavaPluginConventionCustomizer> (0x00000000d7a94310) thrown at [C:\src\AOSP-openjdk-git\hotspot\src\share\vm\classfile\systemDictionary.cpp, line 210]

Events (10 events):
Event: 46.676 loading class com/android/build/api/transform/QualifiedContent$DefaultContentType
Event: 46.676 loading class com/android/build/api/transform/QualifiedContent$DefaultContentType done
Event: 46.676 loading class com/android/build/gradle/internal/pipeline/ExtendedContentType
Event: 46.676 loading class com/android/build/gradle/internal/pipeline/ExtendedContentType done
Event: 46.678 loading class com/android/build/api/transform/QualifiedContent$Scope
Event: 46.678 loading class com/android/build/api/transform/QualifiedContent$Scope done
Event: 46.678 loading class com/android/build/gradle/internal/InternalScope
Event: 46.678 loading class com/android/build/gradle/internal/InternalScope done
Event: 46.679 loading class com/android/build/gradle/internal/scope/VariantScopeImpl
Event: 46.679 loading class com/android/build/gradle/internal/scope/VariantScopeImpl done


Dynamic libraries:
0x00007ff67ec00000 - 0x00007ff67ec31000 	C:\Program Files\Android\Android Studio\jre\bin\java.exe
0x00007ffdce9b0000 - 0x00007ffdceb9d000 	C:\WINDOWS\SYSTEM32\ntdll.dll
0x00007ffdce260000 - 0x00007ffdce313000 	C:\WINDOWS\System32\KERNEL32.DLL
0x00007ffdcacd0000 - 0x00007ffdcaf63000 	C:\WINDOWS\System32\KERNELBASE.dll
0x00007ffdcbbe0000 - 0x00007ffdcbc83000 	C:\WINDOWS\System32\ADVAPI32.dll
0x00007ffdce400000 - 0x00007ffdce49e000 	C:\WINDOWS\System32\msvcrt.dll
0x00007ffdcc1e0000 - 0x00007ffdcc27e000 	C:\WINDOWS\System32\sechost.dll
0x00007ffdce4d0000 - 0x00007ffdce5f3000 	C:\WINDOWS\System32\RPCRT4.dll
0x00007ffdce760000 - 0x00007ffdce8f7000 	C:\WINDOWS\System32\USER32.dll
0x00007ffdcb9f0000 - 0x00007ffdcba10000 	C:\WINDOWS\System32\win32u.dll
0x00007ffdce4a0000 - 0x00007ffdce4c9000 	C:\WINDOWS\System32\GDI32.dll
0x00007ffdcba40000 - 0x00007ffdcbbda000 	C:\WINDOWS\System32\gdi32full.dll
0x00007ffdcaf70000 - 0x00007ffdcb010000 	C:\WINDOWS\System32\msvcp_win.dll
0x00007ffdcaaa0000 - 0x00007ffdcab9c000 	C:\WINDOWS\System32\ucrtbase.dll
0x00007ffdb9940000 - 0x00007ffdb9bb9000 	C:\WINDOWS\WinSxS\amd64_microsoft.windows.common-controls_6595b64144ccf1df_6.0.17763.107_none_05b63884071e656e\COMCTL32.dll
0x00007ffdcc340000 - 0x00007ffdcc66e000 	C:\WINDOWS\System32\combase.dll
0x00007ffdcac50000 - 0x00007ffdcacce000 	C:\WINDOWS\System32\bcryptPrimitives.dll
0x00007ffdce320000 - 0x00007ffdce34e000 	C:\WINDOWS\System32\IMM32.DLL
0x0000000053530000 - 0x0000000053602000 	C:\Program Files\Android\Android Studio\jre\jre\bin\msvcr100.dll
0x0000000054080000 - 0x00000000548cb000 	C:\Program Files\Android\Android Studio\jre\jre\bin\server\jvm.dll
0x00007ffdcc960000 - 0x00007ffdcc968000 	C:\WINDOWS\System32\PSAPI.DLL
0x00007ffdc1060000 - 0x00007ffdc1069000 	C:\WINDOWS\SYSTEM32\WSOCK32.dll
0x00007ffdc8470000 - 0x00007ffdc8494000 	C:\WINDOWS\SYSTEM32\WINMM.dll
0x00007ffdb9e30000 - 0x00007ffdb9e3a000 	C:\WINDOWS\SYSTEM32\VERSION.dll
0x00007ffdcdf50000 - 0x00007ffdcdfbd000 	C:\WINDOWS\System32\WS2_32.dll
0x00007ffdc80d0000 - 0x00007ffdc80fd000 	C:\WINDOWS\SYSTEM32\WINMMBASE.dll
0x00007ffdcb010000 - 0x00007ffdcb05a000 	C:\WINDOWS\System32\cfgmgr32.dll
0x00007ffdb6170000 - 0x00007ffdb617f000 	C:\Program Files\Android\Android Studio\jre\jre\bin\verify.dll
0x00007ffd9c9c0000 - 0x00007ffd9c9e9000 	C:\Program Files\Android\Android Studio\jre\jre\bin\java.dll
0x00007ffd9e740000 - 0x00007ffd9e756000 	C:\Program Files\Android\Android Studio\jre\jre\bin\zip.dll
0x00007ffdcc9e0000 - 0x00007ffdcdecf000 	C:\WINDOWS\System32\SHELL32.dll
0x00007ffdcc280000 - 0x00007ffdcc328000 	C:\WINDOWS\System32\shcore.dll
0x00007ffdcb2a0000 - 0x00007ffdcb9e8000 	C:\WINDOWS\System32\windows.storage.dll
0x00007ffdcaa50000 - 0x00007ffdcaa74000 	C:\WINDOWS\System32\profapi.dll
0x00007ffdca9f0000 - 0x00007ffdcaa4d000 	C:\WINDOWS\System32\powrprof.dll
0x00007ffdcc6f0000 - 0x00007ffdcc742000 	C:\WINDOWS\System32\shlwapi.dll
0x00007ffdca9d0000 - 0x00007ffdca9e1000 	C:\WINDOWS\System32\kernel.appcore.dll
0x00007ffdcaa80000 - 0x00007ffdcaa97000 	C:\WINDOWS\System32\cryptsp.dll
0x00007ffda1090000 - 0x00007ffda10aa000 	C:\Program Files\Android\Android Studio\jre\jre\bin\net.dll
0x00007ffdca240000 - 0x00007ffdca2a7000 	C:\WINDOWS\system32\mswsock.dll
0x00007ffda1070000 - 0x00007ffda1083000 	C:\Program Files\Android\Android Studio\jre\jre\bin\nio.dll
0x00007ffdb3960000 - 0x00007ffdb3987000 	C:\Users\Atoms\.gradle\native\f6784746aeab05261644944871eae4fe03e0ef1612fff0a4a95f87b438bc6780\windows-amd64\native-platform.dll
0x00007ffdb7560000 - 0x00007ffdb756d000 	C:\Program Files\Android\Android Studio\jre\jre\bin\management.dll
0x00007ffdc9e00000 - 0x00007ffdc9e33000 	C:\WINDOWS\system32\rsaenh.dll
0x00007ffdcba10000 - 0x00007ffdcba36000 	C:\WINDOWS\System32\bcrypt.dll
0x00007ffdca8b0000 - 0x00007ffdca8d8000 	C:\WINDOWS\SYSTEM32\USERENV.dll
0x00007ffdca410000 - 0x00007ffdca41c000 	C:\WINDOWS\SYSTEM32\CRYPTBASE.dll
0x00007ffdc9fa0000 - 0x00007ffdc9fdd000 	C:\WINDOWS\SYSTEM32\IPHLPAPI.DLL
0x00007ffdcc330000 - 0x00007ffdcc338000 	C:\WINDOWS\System32\NSI.dll
0x00007ffdc22d0000 - 0x00007ffdc22e6000 	C:\WINDOWS\SYSTEM32\dhcpcsvc6.DLL
0x00007ffdc23c0000 - 0x00007ffdc23dc000 	C:\WINDOWS\SYSTEM32\dhcpcsvc.DLL
0x00007ffdc9fe0000 - 0x00007ffdca0a6000 	C:\WINDOWS\SYSTEM32\DNSAPI.dll
0x00007ffdc2800000 - 0x00007ffdc280b000 	C:\WINDOWS\SYSTEM32\WINNSI.DLL

VM Arguments:
jvm_args: -Xmx2048m -Dfile.encoding=UTF-8 -Duser.country=US -Duser.language=en -Duser.variant 
java_command: org.gradle.launcher.daemon.bootstrap.GradleDaemon 6.5
java_class_path (initial): C:\Users\Atoms\.gradle\wrapper\dists\gradle-6.5-bin\6nifqtx7604sqp1q6g8wikw7p\gradle-6.5\lib\gradle-launcher-6.5.jar
Launcher Type: SUN_STANDARD

Environment Variables:
PATH=C:\Program Files (x86)\Common Files\Intel\Shared Libraries\redist\intel64\compiler;C:\WINDOWS\system32;C:\WINDOWS;C:\WINDOWS\System32\Wbem;C:\WINDOWS\System32\WindowsPowerShell\v1.0\;C:\WINDOWS\System32\OpenSSH\;C:\Program Files (x86)\Git\cmd;C:\Users\Atoms\AppData\Local\Microsoft\WindowsApps
USERNAME=Atoms
OS=Windows_NT
PROCESSOR_IDENTIFIER=Intel64 Family 6 Model 58 Stepping 9, GenuineIntel



---------------  S Y S T E M  ---------------

OS: Windows 10.0 , 64 bit Build 17763 (10.0.17763.1)

CPU:total 4 (initial active 4) (2 cores per cpu, 2 threads per core) family 6 model 58 stepping 9, cmov, cx8, fxsr, mmx, sse, sse2, sse3, ssse3, sse4.1, sse4.2, popcnt, avx, aes, clmul, erms, ht, tsc, tscinvbit, tscinv

Memory: 4k page, physical 8248812k(465048k free), swap 33414636k(58540k free)

vm_info: OpenJDK 64-Bit Server VM (25.242-b01) for windows-amd64 JRE (1.8.0_242-release-1644-b01), built by "builder" with MS VC++ 10.0 (VS2010)

time: Mon Dec 21 11:32:15 2020
timezone: W. Central Africa Standard Time
elapsed time: 46 seconds (0d 0h 0m 46s)

